<?xml version="1.0" encoding="UTF-8"?>
<testng-results ignored="0" total="3" passed="3" failed="0" skipped="0">
  <reporter-output>
  </reporter-output>
  <suite started-at="2024-04-16T12:03:03 SAST" name="Default suite" finished-at="2024-04-16T12:03:11 SAST" duration-ms="7260">
    <groups>
    </groups>
    <test started-at="2024-04-16T12:03:03 SAST" name="Default test" finished-at="2024-04-16T12:03:11 SAST" duration-ms="7260">
      <class name="APITests.Get_Requests">
        <test-method is-config="true" signature="setUp()[pri:0, instance:APITests.Get_Requests@128d2484]" started-at="2024-04-16T12:03:03 SAST" name="setUp" finished-at="2024-04-16T12:03:03 SAST" duration-ms="8" status="PASS">
          <reporter-output>
          </reporter-output>
        </test-method> <!-- setUp -->
        <test-method signature="getFifthMovieandChecktheProducers()[pri:0, instance:APITests.Get_Requests@128d2484]" started-at="2024-04-16T12:03:03 SAST" name="getFifthMovieandChecktheProducers" finished-at="2024-04-16T12:03:07 SAST" duration-ms="3702" status="PASS">
          <reporter-output>
          </reporter-output>
        </test-method> <!-- getFifthMovieandChecktheProducers -->
        <test-method signature="getListOfMoviesandCount()[pri:0, instance:APITests.Get_Requests@128d2484]" started-at="2024-04-16T12:03:07 SAST" name="getListOfMoviesandCount" finished-at="2024-04-16T12:03:09 SAST" duration-ms="2341" status="PASS">
          <reporter-output>
          </reporter-output>
        </test-method> <!-- getListOfMoviesandCount -->
        <test-method signature="getThirdMovieandChecktheDirector()[pri:0, instance:APITests.Get_Requests@128d2484]" started-at="2024-04-16T12:03:09 SAST" name="getThirdMovieandChecktheDirector" finished-at="2024-04-16T12:03:11 SAST" duration-ms="1175" status="PASS">
          <reporter-output>
          </reporter-output>
        </test-method> <!-- getThirdMovieandChecktheDirector -->
        <test-method is-config="true" signature="tearDown()[pri:0, instance:APITests.Get_Requests@128d2484]" started-at="2024-04-16T12:03:11 SAST" name="tearDown" finished-at="2024-04-16T12:03:11 SAST" duration-ms="1" status="PASS">
          <reporter-output>
          </reporter-output>
        </test-method> <!-- tearDown -->
      </class> <!-- APITests.Get_Requests -->
    </test> <!-- Default test -->
  </suite> <!-- Default suite -->
</testng-results>
