<?xml version="1.0" encoding="UTF-8"?>
<!-- Generated by org.testng.reporters.JUnitXMLReporter -->
<testsuite ignored="0" hostname="SriniRepala" failures="0" tests="3" name="Default test" time="7.26" errors="0" timestamp="2024-04-16T12:03:11 SAST">
  <testcase classname="APITests.Get_Requests" name="getFifthMovieandChecktheProducers" time="3.702"/>
  <testcase classname="APITests.Get_Requests" name="getListOfMoviesandCount" time="2.341"/>
  <testcase classname="APITests.Get_Requests" name="getThirdMovieandChecktheDirector" time="1.175"/>
</testsuite> <!-- Default test -->
