<?xml version="1.0" encoding="UTF-8"?>
<!-- Generated by org.testng.reporters.JUnitXMLReporter -->
<testsuite ignored="0" hostname="SriniRepala" failures="0" tests="3" name="Test" time="6.103" errors="0" timestamp="2024-04-16T11:54:42 SAST">
  <testcase classname="APITests.Get_Requests" name="getFifthMovieandChecktheProducers" time="2.832"/>
  <testcase classname="APITests.Get_Requests" name="getListOfMoviesandCount" time="2.011"/>
  <testcase classname="APITests.Get_Requests" name="getThirdMovieandChecktheDirector" time="1.224"/>
</testsuite> <!-- Test -->
